<?xml version="1.0" encoding="UTF-8"?>
<!-- Generated by org.testng.reporters.JUnitXMLReporter -->
<testsuite ignored="0" hostname="MD-5Q4C9F2" failures="0" tests="24" name="Test" time="126.686" errors="0" timestamp="2020-07-01T12:18:23 IST">
  <testcase classname="Package_Automation.Amazon_sort" name="Login" time="10.323"/>
  <testcase classname="Package_Automation.Amazon_mail" name="Login1" time="20.584"/>
  <testcase classname="Package_Automation.Formsite_csv" name="setup" time="9.816"/>
  <testcase classname="Package_Automation.Ease_trip" name="setup" time="12.904"/>
  <testcase classname="Package_Automation.Amazon_sort" name="Today_deal" time="3.948"/>
  <testcase classname="Package_Automation.Amazon_mail" name="Your_listicon" time="3.586"/>
  <testcase classname="Package_Automation.Formsite_csv" name="signup" time="9.738"/>
  <testcase classname="Package_Automation.Ease_trip" name="verify_homepage" time="0.06"/>
  <testcase classname="Package_Automation.Amazon_sort" name="Filter" time="0.98"/>
  <testcase classname="Package_Automation.Ease_trip" name="Flights" time="3.837"/>
  <testcase classname="Package_Automation.Amazon_mail" name="create_listbutton" time="0.368"/>
  <testcase classname="Package_Automation.Formsite_csv" name="Title_verify" time="1.177"/>
  <testcase classname="Package_Automation.Ease_trip" name="details" time="15.12"/>
  <testcase classname="Package_Automation.Amazon_mail" name="send_list" time="1.321"/>
  <testcase classname="Package_Automation.Amazon_sort" name="sort_option" time="0.529"/>
  <testcase classname="Package_Automation.Formsite_csv" name="Billing_selection" time="2.815"/>
  <testcase classname="Package_Automation.Ease_trip" name="filters" time="1.587"/>
  <testcase classname="Package_Automation.Amazon_mail" name="gmail" time="3.117"/>
  <testcase classname="Package_Automation.Amazon_sort" name="verify_sort" time="0.069"/>
  <testcase classname="Package_Automation.Formsite_csv" name="Get_list" time="10.682"/>
  <testcase classname="Package_Automation.Ease_trip" name="get_list" time="0.359"/>
  <testcase classname="Package_Automation.Amazon_mail" name="send" time="11.71"/>
  <testcase classname="Package_Automation.Amazon_sort" name="tear_down" time="0.687"/>
  <testcase classname="Package_Automation.Ease_trip" name="tear_down" time="1.302"/>
</testsuite> <!-- Test -->
